Starting ChromeDriver 97.0.4692.71 (adefa7837d02a07a604c1e6eff0b3a09422ab88d-refs/branch-heads/4692@{#1247}) on port 9515
Only local connections are allowed.
Please see https://chromedriver.chromium.org/security-considerations for suggestions on keeping ChromeDriver safe.
ChromeDriver was started successfully.
[1643710674,278][INFO]: [7dc00b66376b23957ccdd8da7af129a0] COMMAND InitSession {
   "capabilities": {
      "alwaysMatch": {
         "browserName": "chrome",
         "goog:chromeOptions": {
            "args": [  ],
            "w3c": true
         }
      }
   },
   "desiredCapabilities": {
      "browserName": "chrome",
      "goog:chromeOptions": {
         "args": [  ],
         "w3c": true
      },
      "name": "Ecosia.org Demo"
   }
}
[1643710674,279][INFO]: Populating Preferences file: {
   "alternate_error_pages": {
      "enabled": false
   },
   "autofill": {
      "enabled": false
   },
   "browser": {
      "check_default_browser": false
   },
   "distribution": {
      "import_bookmarks": false,
      "import_history": false,
      "import_search_engine": false,
      "make_chrome_default_for_user": false,
      "skip_first_run_ui": true
   },
   "dns_prefetching": {
      "enabled": false
   },
   "profile": {
      "content_settings": {
         "pattern_pairs": {
            "https://*,*": {
               "media-stream": {
                  "audio": "Default",
                  "video": "Default"
               }
            }
         }
      },
      "default_content_setting_values": {
         "geolocation": 1
      },
      "default_content_settings": {
         "geolocation": 1,
         "mouselock": 1,
         "notifications": 1,
         "popups": 1,
         "ppapi-broker": 1
      },
      "password_manager_enabled": false
   },
   "safebrowsing": {
      "enabled": false
   },
   "search": {
      "suggest_enabled": false
   },
   "translate": {
      "enabled": false
   }
}
[1643710674,279][INFO]: Populating Local State file: {
   "background_mode": {
      "enabled": false
   },
   "ssl": {
      "rev_checking": {
         "enabled": false
      }
   }
}
[1643710674,279][INFO]: Launching chrome: /snap/bin/chromium --allow-pre-commit-input --disable-background-networking --disable-client-side-phishing-detection --disable-default-apps --disable-hang-monitor --disable-popup-blocking --disable-prompt-on-repost --disable-sync --enable-automation --enable-blink-features=ShadowDOMV0 --enable-logging=stderr --log-level=0 --no-first-run --no-service-autorun --password-store=basic --remote-debugging-port=0 --test-type=webdriver --use-mock-keychain --user-data-dir=/tmp/.com.google.Chrome.blrocH data:,
Gtk-Message: 11:17:54.476: Failed to load module "canberra-gtk-module"
Gtk-Message: 11:17:54.478: Failed to load module "canberra-gtk-module"
[10341:10341:0201/111754.510401:WARNING:account_consistency_mode_manager.cc(65)] Desktop Identity Consistency cannot be enabled as no OAuth client ID and client secret have been configured.

DevTools listening on ws://127.0.0.1:45665/devtools/browser/3bf41bb0-2d7c-4793-8b5f-b8bdf57fdebb
[10451:10451:0201/111754.576524:ERROR:sandbox_linux.cc(378)] InitializeSandbox() called with multiple threads in process gpu-process.
[10341:10444:0201/111756.787665:ERROR:chrome_browser_main_extra_parts_metrics.cc(227)] START: ReportBluetoothAvailability(). If you don't see the END: message, this is crbug.com/1216328.
[10341:10444:0201/111756.787698:ERROR:chrome_browser_main_extra_parts_metrics.cc(230)] END: ReportBluetoothAvailability()
[10341:10466:0201/111756.826285:ERROR:udev_watcher.cc(98)] Failed to begin udev enumeration.
[10341:10341:0201/111842.091500:WARNING:pref_notifier_impl.cc(40)] Pref observer for media_router.cast_allow_all_ips found at shutdown.
[1643710722,125][INFO]: [7dc00b66376b23957ccdd8da7af129a0] RESPONSE InitSession ERROR unknown error: Chrome failed to start: exited normally.
  (unknown error: DevToolsActivePort file doesn't exist)
  (The process started from chrome location /snap/bin/chromium is no longer running, so ChromeDriver is assuming that Chrome has crashed.)
[1643710722,125][DEBUG]: Log type 'driver' lost 0 entries on destruction
[1643710722,125][DEBUG]: Log type 'browser' lost 0 entries on destruction
